Arguments: 
  C:\Program Files\nodejs\node.exe C:\Users\Raynan Wuyep\AppData\Roaming\npm\node_modules\@sanity\cli\vendor\yarn install --json --non-interactive --ignore-engines --network-timeout 60000 --registry https://registry.npmjs.org

PATH: 
  C:\Users\Raynan Wuyep\AppData\Roaming\npm\node_modules\vendor;C:\Python310\Scripts\;C:\Python310\;C:\Python27\;C:\Python27\Scripts;C:\Program Files\Common Files\Oracle\Java\javapath;C:\Program Files (x86)\Common Files\Oracle\Java\javapath;C:\WINDOWS\system32;C:\WINDOWS;C:\WINDOWS\System32\Wbem;C:\WINDOWS\System32\WindowsPowerShell\v1.0\;C:\WINDOWS\System32\OpenSSH\;C:\Program Files\Java\jdk1.8.0_211\bin;C:\ProgramData\chocolatey\bin;C:\Program Files\Java\jdk1.8.0_211\bin;C:\Program Files\nodejs\;C:\Program Files\Microsoft SQL Server\150\Tools\Binn\;C:\Program Files\Microsoft SQL Server\Client SDK\ODBC\170\Tools\Binn\;C:\Program Files\dotnet\;C:\Program Files\Git\cmd;C:\Ruby31-x64\bin;C:\Users\Raynan Wuyep\AppData\Local\Microsoft\WindowsApps;C:\Users\Raynan Wuyep\AppData\Local\Programs\Microsoft VS Code\bin;C:\Users\Raynan Wuyep\AppData\Roaming\npm;C:\Users\Raynan Wuyep\.dotnet\tools;C:\Users\Raynan Wuyep\AppData\Local\GitHubDesktop\bin

Yarn version: 
  1.22.17

Node version: 
  16.14.0

Platform: 
  win32 x64

Trace: 
  Error: https://registry.npmjs.org/date-fns/-/date-fns-2.29.1.tgz: ESOCKETTIMEDOUT
      at ClientRequest.<anonymous> (C:\Users\Raynan Wuyep\AppData\Roaming\npm\node_modules\@sanity\cli\vendor\yarn:135945:19)
      at Object.onceWrapper (node:events:639:28)
      at ClientRequest.emit (node:events:520:28)
      at TLSSocket.emitRequestTimeout (node:_http_client:758:9)
      at Object.onceWrapper (node:events:639:28)
      at TLSSocket.emit (node:events:532:35)
      at TLSSocket.Socket._onTimeout (node:net:501:8)
      at listOnTimeout (node:internal/timers:559:17)
      at processTimers (node:internal/timers:502:7)

npm manifest: 
  {
    "name": "raynanportfolio",
    "private": true,
    "version": "1.0.0",
    "description": "",
    "main": "package.json",
    "author": "Raynan Wuyep <wuyepraynan@gmail.com>",
    "license": "UNLICENSED",
    "scripts": {
      "start": "sanity start",
      "build": "sanity build"
    },
    "keywords": [
      "sanity"
    ],
    "dependencies": {
      "@sanity/base": "^2.30.4",
      "@sanity/core": "^2.30.3",
      "@sanity/default-layout": "^2.30.4",
      "@sanity/default-login": "^2.30.4",
      "@sanity/desk-tool": "^2.30.4",
      "@sanity/eslint-config-studio": "^2.0.0",
      "@sanity/vision": "^2.30.4",
      "eslint": "^8.6.0",
      "prop-types": "^15.7",
      "react": "^17.0",
      "react-dom": "^17.0",
      "styled-components": "^5.2.0"
    },
    "devDependencies": {}
  }

yarn manifest: 
  No manifest

Lockfile: 
  No lockfile
